<?xml version="1.0" encoding="UTF-8"?>
<!-- Generated by org.testng.reporters.JUnitXMLReporter -->
<testsuite ignored="0" hostname="DESKTOP-B4E308O" failures="1" tests="1" name="AccountPageTest" time="19.134" errors="0" timestamp="2021-09-02T23:23:15 IST">
  <testcase classname="com.qaautomation.tests.AccountPageTest" name="DoVerifyUsername" time="15.453">
    <failure type="java.lang.AssertionError" message="expected [AnFKuWOVAh] but found [anFKuWOVAh]">
      <![CDATA[java.lang.AssertionError: expected [AnFKuWOVAh] but found [anFKuWOVAh]
at com.qaautomation.tests.AccountPageTest.DoVerifyUsername(AccountPageTest.java:52)
at java.base/java.util.ArrayList.forEach(ArrayList.java:1511)
... Removed 33 stack frames]]>
    </failure>
  </testcase> <!-- DoVerifyUsername -->
</testsuite> <!-- AccountPageTest -->
