<!DOCTYPE html PUBLIC "-//W3C//DTD XHTML 1.1//EN" "https://www.w3.org/TR/xhtml11/DTD/xhtml11.dtd">
<html xmlns="https://www.w3.org/1999/xhtml">
<head>
<meta http-equiv="content-type" content="text/html; charset=UTF-8"/>
<title>TestNG Report</title>
<style type="text/css">table {margin-bottom:10px;border-collapse:collapse;empty-cells:show}th,td {border:1px solid #009;padding:.25em .5em}th {vertical-align:bottom}td {vertical-align:top}table a {font-weight:bold}.stripe td {background-color: #E6EBF9}.num {text-align:right}.passedodd td {background-color: #3F3}.passedeven td {background-color: #0A0}.skippedodd td {background-color: #DDD}.skippedeven td {background-color: #CCC}.failedodd td,.attn {background-color: #F33}.failedeven td,.stripe .attn {background-color: #D00}.stacktrace {white-space:pre;font-family:monospace}.totop {font-size:85%;text-align:center;border-bottom:2px solid #000}.invisible {display:none}</style>
</head>
<body>
<table>
<tr><th>Test</th><th># Passed</th><th># Skipped</th><th># Retried</th><th># Failed</th><th>Time (ms)</th><th>Included Groups</th><th>Excluded Groups</th></tr>
<tr><th colspan="8">Suite</th></tr>
<tr><td><a href="#t0">HomePageTest</a></td><td class="num">0</td><td class="num attn">1</td><td class="num">0</td><td class="num">0</td><td class="num">10,627</td><td></td><td></td></tr>
<tr class="stripe"><td><a href="#t1">LoginPageTest</a></td><td class="num">0</td><td class="num attn">1</td><td class="num">0</td><td class="num">0</td><td class="num">11,512</td><td></td><td></td></tr>
<tr><td><a href="#t2">RegisterPageTest</a></td><td class="num">0</td><td class="num attn">1</td><td class="num">0</td><td class="num">0</td><td class="num">12,489</td><td></td><td></td></tr>
<tr class="stripe"><td><a href="#t3">AccountPageTest</a></td><td class="num">1</td><td class="num">0</td><td class="num">0</td><td class="num">0</td><td class="num">32,201</td><td></td><td></td></tr>
<tr><th>Total</th><th class="num">1</th><th class="num attn">3</th><th class="num">0</th><th class="num">0</th><th class="num">66,829</th><th colspan="2"></th></tr>
</table>
<table id='summary'><thead><tr><th>Class</th><th>Method</th><th>Start</th><th>Time (ms)</th></tr></thead><tbody><tr><th colspan="4">Suite</th></tr></tbody><tbody id="t0"><tr><th colspan="4">HomePageTest &#8212; failed (configuration methods)</th></tr><tr class="failedeven"><td rowspan="1">com.qaautomation.tests.HomePageTest</td><td><a href="#m0">initialization</a></td><td rowspan="1">1630562670481</td><td rowspan="1">10557</td></tr><tr><th colspan="4">HomePageTest &#8212; skipped (configuration methods)</th></tr><tr class="skippedeven"><td rowspan="1">com.qaautomation.tests.HomePageTest</td><td><a href="#m1">quiteBrowser</a></td><td rowspan="1">1630562681064</td><td rowspan="1">-1630562681064</td></tr><tr><th colspan="4">HomePageTest &#8212; skipped</th></tr><tr class="skippedeven"><td rowspan="1">com.qaautomation.tests.HomePageTest</td><td><a href="#m2">DoVerifyHomePage</a></td><td rowspan="1">1630562681059</td><td rowspan="1">0</td></tr></tbody>
<tbody id="t1"><tr><th colspan="4">LoginPageTest &#8212; failed (configuration methods)</th></tr><tr class="failedeven"><td rowspan="1">com.qaautomation.tests.LoginPageTest</td><td><a href="#m3">initialization</a></td><td rowspan="1">1630562670479</td><td rowspan="1">11466</td></tr><tr><th colspan="4">LoginPageTest &#8212; skipped (configuration methods)</th></tr><tr class="skippedeven"><td rowspan="1">com.qaautomation.tests.LoginPageTest</td><td><a href="#m4">quiteBrowser</a></td><td rowspan="1">1630562681951</td><td rowspan="1">-1630562681951</td></tr><tr><th colspan="4">LoginPageTest &#8212; skipped</th></tr><tr class="skippedeven"><td rowspan="1">com.qaautomation.tests.LoginPageTest</td><td><a href="#m5">doLoginWithCredentail</a></td><td rowspan="1">1630562681948</td><td rowspan="1">0</td></tr></tbody>
<tbody id="t2"><tr><th colspan="4">RegisterPageTest &#8212; failed (configuration methods)</th></tr><tr class="failedeven"><td rowspan="1">com.qaautomation.tests.RegisterPageTest</td><td><a href="#m6">initialization</a></td><td rowspan="1">1630562671344</td><td rowspan="1">11574</td></tr><tr><th colspan="4">RegisterPageTest &#8212; skipped (configuration methods)</th></tr><tr class="skippedeven"><td rowspan="1">com.qaautomation.tests.RegisterPageTest</td><td><a href="#m7">quiteBrowser</a></td><td rowspan="1">1630562682926</td><td rowspan="1">-1630562682926</td></tr><tr><th colspan="4">RegisterPageTest &#8212; skipped</th></tr><tr class="skippedeven"><td rowspan="1">com.qaautomation.tests.RegisterPageTest</td><td><a href="#m8">doRegisterWithData</a></td><td rowspan="1">1630562682922</td><td rowspan="1">0</td></tr></tbody>
<tbody id="t3"><tr><th colspan="4">AccountPageTest &#8212; passed</th></tr><tr class="passedeven"><td rowspan="1">com.qaautomation.tests.AccountPageTest</td><td><a href="#m9">DoVerifyUsername</a></td><td rowspan="1">1630562682486</td><td rowspan="1">19659</td></tr></tbody>
</table>
<h2>HomePageTest</h2><h3 id="m0">com.qaautomation.tests.HomePageTest#initialization</h3><table class="result"><tr class="param"><th>Parameter #1</th></tr><tr class="param stripe"><td>public void com.qaautomation.tests.HomePageTest.DoVerifyHomePage() throws java.lang.Exception</td></tr><tr><th>Exception</th></tr><tr><td><div class="stacktrace">java.lang.NullPointerException: Cannot invoke &quot;com.aventstack.extentreports.ExtentReports.createTest(String)&quot; because &quot;this.extent&quot; is null
	at com.qaautomation.testbase.TestBase.initialization(TestBase.java:101)
	at java.base/java.util.ArrayList.forEach(ArrayList.java:1511)
	at java.base/java.util.concurrent.FutureTask.run(FutureTask.java:264)
	at java.base/java.util.concurrent.ThreadPoolExecutor.runWorker(ThreadPoolExecutor.java:1130)
	at java.base/java.util.concurrent.ThreadPoolExecutor$Worker.run(ThreadPoolExecutor.java:630)
	at java.base/java.lang.Thread.run(Thread.java:831)
... Removed 22 stack frames</div></td></tr></table><p class="totop"><a href="#summary">back to summary</a></p>
<h3 id="m1">com.qaautomation.tests.HomePageTest#quiteBrowser</h3><table class="result"><tr><th class="invisible"/></tr></table><p class="totop"><a href="#summary">back to summary</a></p>
<h3 id="m2">com.qaautomation.tests.HomePageTest#DoVerifyHomePage</h3><table class="result"><tr><th>Exception</th></tr><tr><td><div class="stacktrace">java.lang.NullPointerException: Cannot invoke &quot;com.aventstack.extentreports.ExtentReports.createTest(String)&quot; because &quot;this.extent&quot; is null
	at com.qaautomation.testbase.TestBase.initialization(TestBase.java:101)
	at java.base/java.util.ArrayList.forEach(ArrayList.java:1511)
	at java.base/java.util.concurrent.FutureTask.run(FutureTask.java:264)
	at java.base/java.util.concurrent.ThreadPoolExecutor.runWorker(ThreadPoolExecutor.java:1130)
	at java.base/java.util.concurrent.ThreadPoolExecutor$Worker.run(ThreadPoolExecutor.java:630)
	at java.base/java.lang.Thread.run(Thread.java:831)
... Removed 22 stack frames</div></td></tr></table><p class="totop"><a href="#summary">back to summary</a></p>
<h2>LoginPageTest</h2><h3 id="m3">com.qaautomation.tests.LoginPageTest#initialization</h3><table class="result"><tr class="param"><th>Parameter #1</th></tr><tr class="param stripe"><td>public void com.qaautomation.tests.LoginPageTest.doLoginWithCredentail() throws java.lang.Exception</td></tr><tr><th>Exception</th></tr><tr><td><div class="stacktrace">java.lang.NullPointerException: Cannot invoke &quot;com.aventstack.extentreports.ExtentReports.createTest(String)&quot; because &quot;this.extent&quot; is null
	at com.qaautomation.testbase.TestBase.initialization(TestBase.java:101)
	at java.base/java.util.ArrayList.forEach(ArrayList.java:1511)
	at java.base/java.util.concurrent.FutureTask.run(FutureTask.java:264)
	at java.base/java.util.concurrent.ThreadPoolExecutor.runWorker(ThreadPoolExecutor.java:1130)
	at java.base/java.util.concurrent.ThreadPoolExecutor$Worker.run(ThreadPoolExecutor.java:630)
	at java.base/java.lang.Thread.run(Thread.java:831)
... Removed 22 stack frames</div></td></tr></table><p class="totop"><a href="#summary">back to summary</a></p>
<h3 id="m4">com.qaautomation.tests.LoginPageTest#quiteBrowser</h3><table class="result"><tr><th class="invisible"/></tr></table><p class="totop"><a href="#summary">back to summary</a></p>
<h3 id="m5">com.qaautomation.tests.LoginPageTest#doLoginWithCredentail</h3><table class="result"><tr><th>Exception</th></tr><tr><td><div class="stacktrace">java.lang.NullPointerException: Cannot invoke &quot;com.aventstack.extentreports.ExtentReports.createTest(String)&quot; because &quot;this.extent&quot; is null
	at com.qaautomation.testbase.TestBase.initialization(TestBase.java:101)
	at java.base/java.util.ArrayList.forEach(ArrayList.java:1511)
	at java.base/java.util.concurrent.FutureTask.run(FutureTask.java:264)
	at java.base/java.util.concurrent.ThreadPoolExecutor.runWorker(ThreadPoolExecutor.java:1130)
	at java.base/java.util.concurrent.ThreadPoolExecutor$Worker.run(ThreadPoolExecutor.java:630)
	at java.base/java.lang.Thread.run(Thread.java:831)
... Removed 22 stack frames</div></td></tr></table><p class="totop"><a href="#summary">back to summary</a></p>
<h2>RegisterPageTest</h2><h3 id="m6">com.qaautomation.tests.RegisterPageTest#initialization</h3><table class="result"><tr class="param"><th>Parameter #1</th></tr><tr class="param stripe"><td>public void com.qaautomation.tests.RegisterPageTest.doRegisterWithData(java.lang.String,java.lang.String,java.lang.String,java.lang.String) throws java.lang.InterruptedException</td></tr><tr><th>Exception</th></tr><tr><td><div class="stacktrace">java.lang.NullPointerException: Cannot invoke &quot;com.aventstack.extentreports.ExtentReports.createTest(String)&quot; because &quot;this.extent&quot; is null
	at com.qaautomation.testbase.TestBase.initialization(TestBase.java:101)
	at java.base/java.util.ArrayList.forEach(ArrayList.java:1511)
	at java.base/java.util.concurrent.FutureTask.run(FutureTask.java:264)
	at java.base/java.util.concurrent.ThreadPoolExecutor.runWorker(ThreadPoolExecutor.java:1130)
	at java.base/java.util.concurrent.ThreadPoolExecutor$Worker.run(ThreadPoolExecutor.java:630)
	at java.base/java.lang.Thread.run(Thread.java:831)
... Removed 22 stack frames</div></td></tr></table><p class="totop"><a href="#summary">back to summary</a></p>
<h3 id="m7">com.qaautomation.tests.RegisterPageTest#quiteBrowser</h3><table class="result"><tr><th class="invisible"/></tr></table><p class="totop"><a href="#summary">back to summary</a></p>
<h3 id="m8">com.qaautomation.tests.RegisterPageTest#doRegisterWithData</h3><table class="result"><tr class="param"><th>Parameter #1</th><th>Parameter #2</th><th>Parameter #3</th><th>Parameter #4</th></tr><tr class="param stripe"><td>MyUserName02</td><td>MyUserName02@gmail.com</td><td>MyUserName02</td><td>MyUserName02</td></tr><tr><th colspan="4">Exception</th></tr><tr><td colspan="4"><div class="stacktrace">java.lang.NullPointerException: Cannot invoke &quot;com.aventstack.extentreports.ExtentReports.createTest(String)&quot; because &quot;this.extent&quot; is null
	at com.qaautomation.testbase.TestBase.initialization(TestBase.java:101)
	at java.base/java.util.ArrayList.forEach(ArrayList.java:1511)
	at java.base/java.util.concurrent.FutureTask.run(FutureTask.java:264)
	at java.base/java.util.concurrent.ThreadPoolExecutor.runWorker(ThreadPoolExecutor.java:1130)
	at java.base/java.util.concurrent.ThreadPoolExecutor$Worker.run(ThreadPoolExecutor.java:630)
	at java.base/java.lang.Thread.run(Thread.java:831)
... Removed 22 stack frames</div></td></tr></table><p class="totop"><a href="#summary">back to summary</a></p>
<h2>AccountPageTest</h2><h3 id="m9">com.qaautomation.tests.AccountPageTest#DoVerifyUsername</h3><table class="result"><tr><th class="invisible"/></tr></table><p class="totop"><a href="#summary">back to summary</a></p>
</body>
</html>
